<?xml version="1.0" encoding="UTF-8"?>
<!-- Generated by org.testng.reporters.JUnitReportReporter -->
<testsuite hostname="PC4066" name="com.cucumberFramework.testRunner.TestRunner" tests="1" failures="0" timestamp="31 May 2021 06:20:47 GMT" time="24.942" errors="0">
  <testcase name="feature" time="24.942" classname="com.cucumberFramework.testRunner.TestRunner"/>
</testsuite> <!-- com.cucumberFramework.testRunner.TestRunner -->
